[21204:26000:0603/192159.822:WARNING:chrome\browser\extensions\activity_log\activity_log_policy.cc:71] Scheduling init
[21204:26000:0603/192159.823:WARNING:chrome\browser\extensions\activity_log\activity_log_policy.cc:71] Scheduling init
[27924:17000:0603/192159.931:ERROR:ui\gl\direct_composition_support.cc:243] GetGpuDriverOverlayInfo: Failed to retrieve video device
[27924:17000:0603/192159.932:VERBOSE1:components\viz\service\main\viz_main_impl.cc:87] VizNullHypothesis is disabled (not a warning)
[30136:15652:0603/192159.999:INFO:third_party\webrtc\rtc_base\cpu_info.cc:77] Available number of cores: 8
[28576:28432:0603/192200.067:INFO:third_party\webrtc\rtc_base\cpu_info.cc:77] Available number of cores: 8
[21204:26000:0603/192200.105:WARNING:chrome\browser\extensions\external_registry_loader_win.cc:283] Error observing HKLM: 5
[972:23648:0603/192200.186:INFO:third_party\webrtc\rtc_base\cpu_info.cc:77] Available number of cores: 8
[21800:20984:0603/192200.188:INFO:third_party\webrtc\rtc_base\cpu_info.cc:77] Available number of cores: 8
[29340:15524:0603/192200.217:INFO:third_party\webrtc\rtc_base\cpu_info.cc:77] Available number of cores: 8
[4924:23364:0603/192200.252:INFO:third_party\webrtc\rtc_base\cpu_info.cc:77] Available number of cores: 8
[15660:12400:0603/192200.376:INFO:third_party\webrtc\rtc_base\cpu_info.cc:77] Available number of cores: 8
[12548:16048:0603/192200.408:INFO:third_party\webrtc\rtc_base\cpu_info.cc:77] Available number of cores: 8
[21204:26000:0603/192200.423:INFO:CONSOLE:0] "Tracking Prevention blocked access to storage for https://cdnjs.cloudflare.com/ajax/libs/font-awesome/6.4.0/css/all.min.css.", source: http://localhost:8080/index.html (0)
[21204:26000:0603/192200.425:INFO:CONSOLE:0] "Tracking Prevention blocked access to storage for https://cdnjs.cloudflare.com/ajax/libs/font-awesome/6.4.0/css/all.min.css.", source: http://localhost:8080/index.html (0)
[21204:26000:0603/192200.425:INFO:CONSOLE:0] "Tracking Prevention blocked access to storage for https://cdnjs.cloudflare.com/ajax/libs/font-awesome/6.4.0/css/all.min.css.", source: http://localhost:8080/index.html (0)
[21204:26000:0603/192200.425:INFO:CONSOLE:0] "Tracking Prevention blocked access to storage for https://cdnjs.cloudflare.com/ajax/libs/font-awesome/6.4.0/css/all.min.css.", source: http://localhost:8080/index.html (0)
[17124:13356:0603/192200.425:INFO:third_party\webrtc\rtc_base\cpu_info.cc:77] Available number of cores: 8
[21204:26000:0603/192200.426:INFO:CONSOLE:0] "Tracking Prevention blocked access to storage for https://cdn.jsdelivr.net/npm/chart.js.", source: http://localhost:8080/index.html (0)
[21204:26000:0603/192200.426:INFO:CONSOLE:0] "Tracking Prevention blocked access to storage for https://cdn.jsdelivr.net/npm/chart.js.", source: http://localhost:8080/index.html (0)
[21204:26000:0603/192200.426:INFO:CONSOLE:0] "Tracking Prevention blocked access to storage for https://cdn.jsdelivr.net/npm/chart.js.", source: http://localhost:8080/index.html (0)
[21204:26000:0603/192200.426:INFO:CONSOLE:0] "Tracking Prevention blocked access to storage for https://cdn.jsdelivr.net/npm/chart.js.", source: http://localhost:8080/index.html (0)
[21204:26000:0603/192200.427:INFO:CONSOLE:0] "Tracking Prevention blocked access to storage for https://unpkg.com/html5-qrcode.", source: http://localhost:8080/index.html (0)
[21204:26000:0603/192200.427:INFO:CONSOLE:0] "Tracking Prevention blocked access to storage for https://unpkg.com/html5-qrcode.", source: http://localhost:8080/index.html (0)
[21204:26000:0603/192200.427:INFO:CONSOLE:0] "Tracking Prevention blocked access to storage for https://unpkg.com/html5-qrcode.", source: http://localhost:8080/index.html (0)
[21204:26000:0603/192200.428:INFO:CONSOLE:0] "Tracking Prevention blocked access to storage for https://unpkg.com/html5-qrcode.", source: http://localhost:8080/index.html (0)
[21204:26000:0603/192200.428:INFO:CONSOLE:0] "Tracking Prevention blocked access to storage for https://cdnjs.cloudflare.com/ajax/libs/qrious/4.0.2/qrious.min.js.", source: http://localhost:8080/index.html (0)
[21204:26000:0603/192200.428:INFO:CONSOLE:0] "Tracking Prevention blocked access to storage for https://cdnjs.cloudflare.com/ajax/libs/qrious/4.0.2/qrious.min.js.", source: http://localhost:8080/index.html (0)
[21204:26000:0603/192200.429:INFO:CONSOLE:0] "Tracking Prevention blocked access to storage for https://cdnjs.cloudflare.com/ajax/libs/qrious/4.0.2/qrious.min.js.", source: http://localhost:8080/index.html (0)
[21204:26000:0603/192200.432:INFO:CONSOLE:0] "Tracking Prevention blocked access to storage for https://cdnjs.cloudflare.com/ajax/libs/qrious/4.0.2/qrious.min.js.", source: http://localhost:8080/index.html (0)
[21204:26000:0603/192200.433:INFO:CONSOLE:0] "Tracking Prevention blocked access to storage for https://cdn.jsdelivr.net/npm/@supabase/supabase-js@2.", source: http://localhost:8080/index.html (0)
[21204:26000:0603/192200.433:INFO:CONSOLE:0] "Tracking Prevention blocked access to storage for https://cdn.jsdelivr.net/npm/@supabase/supabase-js@2.", source: http://localhost:8080/index.html (0)
[21204:26000:0603/192200.433:INFO:CONSOLE:0] "Tracking Prevention blocked access to storage for https://cdn.jsdelivr.net/npm/@supabase/supabase-js@2.", source: http://localhost:8080/index.html (0)
[21204:26000:0603/192200.433:INFO:CONSOLE:0] "Tracking Prevention blocked access to storage for https://cdn.jsdelivr.net/npm/@supabase/supabase-js@2.", source: http://localhost:8080/index.html (0)
[21204:26000:0603/192200.433:INFO:CONSOLE:0] "Tracking Prevention blocked access to storage for https://cdnjs.cloudflare.com/ajax/libs/html2pdf.js/0.10.1/html2pdf.bundle.min.js.", source: http://localhost:8080/index.html (0)
[21204:26000:0603/192200.433:INFO:CONSOLE:0] "Tracking Prevention blocked access to storage for https://cdnjs.cloudflare.com/ajax/libs/html2pdf.js/0.10.1/html2pdf.bundle.min.js.", source: http://localhost:8080/index.html (0)
[21204:26000:0603/192200.434:INFO:CONSOLE:0] "Tracking Prevention blocked access to storage for https://cdnjs.cloudflare.com/ajax/libs/html2pdf.js/0.10.1/html2pdf.bundle.min.js.", source: http://localhost:8080/index.html (0)
[21204:26000:0603/192200.434:INFO:CONSOLE:0] "Tracking Prevention blocked access to storage for https://cdnjs.cloudflare.com/ajax/libs/html2pdf.js/0.10.1/html2pdf.bundle.min.js.", source: http://localhost:8080/index.html (0)
[28476:28424:0603/192200.435:INFO:third_party\webrtc\rtc_base\cpu_info.cc:77] Available number of cores: 8
[12120:13692:0603/192200.483:INFO:third_party\webrtc\rtc_base\cpu_info.cc:77] Available number of cores: 8
[21204:26000:0603/192200.509:INFO:CONSOLE:0] "Tracking Prevention blocked access to storage for https://unpkg.com/html5-qrcode@2.3.8/html5-qrcode.min.js.", source: http://localhost:8080/index.html (0)
[21204:26000:0603/192200.509:INFO:CONSOLE:0] "Tracking Prevention blocked access to storage for https://unpkg.com/html5-qrcode@2.3.8/html5-qrcode.min.js.", source: http://localhost:8080/index.html (0)
[21204:26000:0603/192200.509:INFO:CONSOLE:0] "Tracking Prevention blocked access to storage for https://unpkg.com/html5-qrcode@2.3.8/html5-qrcode.min.js.", source: http://localhost:8080/index.html (0)
[21204:26000:0603/192200.509:INFO:CONSOLE:0] "Tracking Prevention blocked access to storage for https://unpkg.com/html5-qrcode@2.3.8/html5-qrcode.min.js.", source: http://localhost:8080/index.html (0)
[14916:792:0603/192200.621:INFO:third_party\webrtc\rtc_base\cpu_info.cc:77] Available number of cores: 8
[21204:26000:0603/192201.041:INFO:CONSOLE:64] "cdn.tailwindcss.com should not be used in production. To use Tailwind CSS in production, install it as a PostCSS plugin or use the Tailwind CLI: https://tailwindcss.com/docs/installation", source: https://cdn.tailwindcss.com/ (64)
[21204:26000:0603/192201.523:INFO:CONSOLE:0] "[DOM] Input elements should have autocomplete attributes (suggested: "current-password"): (More info: https://www.chromium.org/developers/design-documents/create-amazing-password-forms) %o", source: http://localhost:8080/index.html (0)
[21204:26000:0603/192201.548:INFO:CONSOLE:2288] "Service Worker registered [object ServiceWorkerRegistration]", source: http://localhost:8080/index.html (2288)
[21204:26000:0603/192201.883:INFO:CONSOLE:2745] "Status Koneksi Supabase Real-time Channel: SUBSCRIBED", source: http://localhost:8080/index.html (2745)
[21204:26000:0603/192202.667:INFO:CONSOLE:2578] "Sinkronisasi: Data lokal berhasil diunggah ke Supabase Cloud (Versi: 1780489322347)", source: http://localhost:8080/index.html (2578)
